#! /usr/local/Cellar/icarus-verilog/12.0/bin/vvp
:ivl_version "12.0 (stable)";
:ivl_delay_selection "TYPICAL";
:vpi_time_precision + 0;
:vpi_module "/usr/local/Cellar/icarus-verilog/12.0/lib/ivl/system.vpi";
:vpi_module "/usr/local/Cellar/icarus-verilog/12.0/lib/ivl/vhdl_sys.vpi";
:vpi_module "/usr/local/Cellar/icarus-verilog/12.0/lib/ivl/vhdl_textio.vpi";
:vpi_module "/usr/local/Cellar/icarus-verilog/12.0/lib/ivl/v2005_math.vpi";
:vpi_module "/usr/local/Cellar/icarus-verilog/12.0/lib/ivl/va_math.vpi";
S_0x7fbb2d006d80 .scope module, "rs_dec_euclid_alg" "rs_dec_euclid_alg" 2 6;
 .timescale 0 0;
    .port_info 0 /INPUT 1 "i_clk";
    .port_info 1 /INPUT 1 "i_resb";
    .port_info 2 /INPUT 1 "i_synd_sync";
    .port_info 3 /INPUT 8 "o_s0";
    .port_info 4 /INPUT 8 "o_s1";
    .port_info 5 /INPUT 8 "o_s2";
    .port_info 6 /INPUT 8 "o_s3";
    .port_info 7 /OUTPUT 1 "o_ready";
P_0x7fbb2d0085a0 .param/l "STATE_IDLE" 1 2 33, +C4<00000000000000000000000000000000>;
P_0x7fbb2d0085e0 .param/l "STATE_LOAD" 1 2 34, +C4<00000000000000000000000000000001>;
o0x7fbb2d132008 .functor BUFZ 1, C4<z>; HiZ drive
v0x7fbb2d00c370_0 .net "i_clk", 0 0, o0x7fbb2d132008;  0 drivers
o0x7fbb2d132038 .functor BUFZ 1, C4<z>; HiZ drive
v0x7fbb2d01bf90_0 .net "i_resb", 0 0, o0x7fbb2d132038;  0 drivers
o0x7fbb2d132068 .functor BUFZ 1, C4<z>; HiZ drive
v0x7fbb2d01c030_0 .net "i_synd_sync", 0 0, o0x7fbb2d132068;  0 drivers
o0x7fbb2d132098 .functor BUFZ 1, C4<z>; HiZ drive
v0x7fbb2d01c0c0_0 .net "o_ready", 0 0, o0x7fbb2d132098;  0 drivers
o0x7fbb2d1320c8 .functor BUFZ 8, C4<zzzzzzzz>; HiZ drive
v0x7fbb2d01c160_0 .net "o_s0", 7 0, o0x7fbb2d1320c8;  0 drivers
o0x7fbb2d1320f8 .functor BUFZ 8, C4<zzzzzzzz>; HiZ drive
v0x7fbb2d01c250_0 .net "o_s1", 7 0, o0x7fbb2d1320f8;  0 drivers
o0x7fbb2d132128 .functor BUFZ 8, C4<zzzzzzzz>; HiZ drive
v0x7fbb2d01c300_0 .net "o_s2", 7 0, o0x7fbb2d132128;  0 drivers
o0x7fbb2d132158 .functor BUFZ 8, C4<zzzzzzzz>; HiZ drive
v0x7fbb2d01c3b0_0 .net "o_s3", 7 0, o0x7fbb2d132158;  0 drivers
v0x7fbb2d01c460_0 .var "r_state", 3 0;
E_0x7fbb2d0092a0 .event posedge, v0x7fbb2d00c370_0;
    .scope S_0x7fbb2d006d80;
T_0 ;
    %wait E_0x7fbb2d0092a0;
    %load/vec4 v0x7fbb2d01c460_0;
    %pushi/vec4 0, 0, 4;
    %assign/vec4 v0x7fbb2d01c460_0, 0;
    %jmp T_0.1;
T_0.1 ;
    %pop/vec4 1;
    %jmp T_0;
    .thread T_0;
# The file index is used to find the file name in the following table.
:file_names 3;
    "N/A";
    "<interactive>";
    "../src/rs/rs_dec_euclid_alg.v";
